<?xml version="1.0" encoding="UTF-8"?>
<!-- Generated by org.testng.reporters.JUnitReportReporter -->
<testsuite hostname="DESKTOP-VDTB34U" name="first.lesson.ParamsTest" tests="2" failures="0" timestamp="22 Sep 2017 18:23:41 GMT" time="0.000" errors="0">
  <testcase name="UserId" time="0.000" classname="first.lesson.ParamsTest"/>
  <testcase name="UserId" time="0.000" classname="first.lesson.ParamsTest"/>
</testsuite> <!-- first.lesson.ParamsTest -->
