<?xml version="1.0" encoding="UTF-8"?>
<!-- Generated by org.testng.reporters.JUnitReportReporter -->
<testsuite hostname="DESKTOP-VDTB34U" name="first.lesson.GroupTest" tests="1" failures="0" timestamp="22 Sep 2017 18:23:41 GMT" time="0.002" errors="0">
  <testcase name="GroupTest" time="0.002" classname="first.lesson.GroupTest"/>
</testsuite> <!-- first.lesson.GroupTest -->
