<?xml version="1.0" encoding="UTF-8"?>
<!-- Generated by org.testng.reporters.JUnitReportReporter -->
<testsuite hostname="DESKTOP-VDTB34U" name="first.lesson.TestngDemo" tests="2" failures="0" timestamp="22 Sep 2017 18:23:41 GMT" time="0.001" errors="0">
  <testcase name="SecondTest" time="0.001" classname="first.lesson.TestngDemo"/>
  <testcase name="FirstTest" time="0.000" classname="first.lesson.TestngDemo"/>
</testsuite> <!-- first.lesson.TestngDemo -->
