<?xml version="1.0" encoding="UTF-8"?>
<!-- Generated by org.testng.reporters.JUnitReportReporter -->
<testsuite hostname="DESKTOP-VDTB34U" name="first.lesson.TestngSecondDemo" tests="4" failures="0" timestamp="22 Sep 2017 17:22:47 GMT" time="0.000" errors="0">
  <testcase name="FirstTest" time="0.000" classname="first.lesson.TestngSecondDemo"/>
  <testcase name="ThirdTest" time="0.000" classname="first.lesson.TestngSecondDemo"/>
  <testcase name="SecondTest" time="0.000" classname="first.lesson.TestngSecondDemo"/>
  <testcase name="FourthTest" time="0.000" classname="first.lesson.TestngSecondDemo"/>
</testsuite> <!-- first.lesson.TestngSecondDemo -->
